app/build/outputs/logs/manifest-merger-debug-report.txt
-- Merging decision tree log ---
manifest
ADDED from src\main\AndroidManifest.xml:1:1-35:12
	package
		ADDED from src\main\AndroidManifest.xml:2:5-18
		INJECTED from src\main\AndroidManifest.xml
		INJECTED from src\main\AndroidManifest.xml
	android:versionName
		ADDED from src\main\AndroidManifest.xml:4:5-30
		INJECTED from src\main\AndroidManifest.xml
		INJECTED from src\main\AndroidManifest.xml
	android:versionCode
		ADDED from src\main\AndroidManifest.xml:3:5-28
		INJECTED from src\main\AndroidManifest.xml
		INJECTED from src\main\AndroidManifest.xml
	xmlns:android
		ADDED from src\main\AndroidManifest.xml:1:11-69
uses-sdk
ADDED from src\main\AndroidManifest.xml:6:5-8:41
	android:targetSdkVersion
		ADDED from src\main\AndroidManifest.xml:8:9-38
		INJECTED from src\main\AndroidManifest.xml
		INJECTED from src\main\AndroidManifest.xml
	android:minSdkVersion
		ADDED from src\main\AndroidManifest.xml:7:9-35
		INJECTED from src\main\AndroidManifest.xml
		INJECTED from src\main\AndroidManifest.xml
uses-permission#com.google.android.glass.permission.DEVELOPMENT
ADDED from src\main\AndroidManifest.xml:11:5-86
	android:name
		ADDED from src\main\AndroidManifest.xml:11:22-84
application
ADDED from src\main\AndroidManifest.xml:13:5-33:19
	android:label
		ADDED from src\main\AndroidManifest.xml:16:13-45
	android:supportsRtl
		ADDED from src\main\AndroidManifest.xml:17:13-39
	android:allowBackup
		ADDED from src\main\AndroidManifest.xml:14:10-36
	android:icon
		ADDED from src\main\AndroidManifest.xml:15:10-42
	android:theme
		ADDED from src\main\AndroidManifest.xml:18:13-44
activity#com.SplashScreenActivity
ADDED from src\main\AndroidManifest.xml:20:9-31:20
	android:label
		ADDED from src\main\AndroidManifest.xml:24:13-56
	android:immersive
		ADDED from src\main\AndroidManifest.xml:22:13-37
	android:icon
		ADDED from src\main\AndroidManifest.xml:23:13-45
	android:name
		ADDED from src\main\AndroidManifest.xml:21:13-52
intent-filter#com.google.android.glass.action.VOICE_TRIGGER
ADDED from src\main\AndroidManifest.xml:25:13-27:29
action#com.google.android.glass.action.VOICE_TRIGGER
ADDED from src\main\AndroidManifest.xml:26:17-88
	android:name
		ADDED from src\main\AndroidManifest.xml:26:25-85
meta-data#com.google.android.glass.VoiceTrigger
ADDED from src\main\AndroidManifest.xml:28:13-30:19
	android:resource
		ADDED from src\main\AndroidManifest.xml:29:17-54
	android:name
		ADDED from src\main\AndroidManifest.xml:28:24-76